app/build/intermediates/manifest_merge_blame_file/debug/processDebugMainManifest/manifest-merger-blame-debug-report.txt
1<?xml version="1.0" encoding="utf-8"?>
2<manifest xmlns:android="http://schemas.android.com/apk/res/android"
3    package="com.tripmate.app"
4    android:versionCode="1"
5    android:versionName="1.0" >
6
7    <uses-sdk
8        android:minSdkVersion="23"
9        android:targetSdkVersion="35" />
10
11    <uses-permission android:name="android.permission.INTERNET" />
11-->src\main\AndroidManifest.xml:3:5-67
11-->src\main\AndroidManifest.xml:3:22-64
12    <uses-permission android:name="android.permission.ACCESS_FINE_LOCATION" />
12-->src\main\AndroidManifest.xml:4:5-79
12-->src\main\AndroidManifest.xml:4:22-76
13    <uses-permission android:name="android.permission.ACCESS_COARSE_LOCATION" />
13-->src\main\AndroidManifest.xml:5:5-81
13-->src\main\AndroidManifest.xml:5:22-78
14    <uses-permission
14-->src\main\AndroidManifest.xml:6:5-107
15        android:name="android.permission.READ_EXTERNAL_STORAGE"
15-->src\main\AndroidManifest.xml:6:22-77
16        android:maxSdkVersion="32" />
16-->src\main\AndroidManifest.xml:6:78-104
17    <uses-permission android:name="android.permission.READ_MEDIA_IMAGES" />
17-->src\main\AndroidManifest.xml:7:5-76
17-->src\main\AndroidManifest.xml:7:22-73
18    <uses-permission android:name="android.permission.CAMERA" />
18-->src\main\AndroidManifest.xml:8:5-65
18-->src\main\AndroidManifest.xml:8:22-62
19    <uses-permission android:name="android.permission.ACCESS_NETWORK_STATE" />
19-->[com.google.firebase:firebase-auth:24.0.1] AndroidManifest.xml:26:5-79
19-->[com.google.firebase:firebase-auth:24.0.1] AndroidManifest.xml:26:22-76
20    <uses-permission android:name="com.google.android.providers.gsf.permission.READ_GSERVICES" />
20-->[com.google.android.recaptcha:recaptcha:18.6.1] AndroidManifest.xml:9:5-98
20-->[com.google.android.recaptcha:recaptcha:18.6.1] AndroidManifest.xml:9:22-95
21
22    <permission
22-->[androidx.core:core:1.13.0] AndroidManifest.xml:22:5-24:47
23        android:name="com.tripmate.app.DYNAMIC_RECEIVER_NOT_EXPORTED_PERMISSION"
23-->[androidx.core:core:1.13.0] AndroidManifest.xml:23:9-81
24        android:protectionLevel="signature" />
24-->[androidx.core:core:1.13.0] AndroidManifest.xml:24:9-44
25
26    <uses-permission android:name="com.tripmate.app.DYNAMIC_RECEIVER_NOT_EXPORTED_PERMISSION" />
26-->[androidx.core:core:1.13.0] AndroidManifest.xml:26:5-97
26-->[androidx.core:core:1.13.0] AndroidManifest.xml:26:22-94
27
28    <application
28-->src\main\AndroidManifest.xml:10:5-28:19
29        android:allowBackup="true"
29-->src\main\AndroidManifest.xml:11:9-35
30        android:appComponentFactory="androidx.core.app.CoreComponentFactory"
30-->[androidx.core:core:1.13.0] AndroidManifest.xml:28:18-86
31        android:debuggable="true"
32        android:extractNativeLibs="false"
33        android:icon="@mipmap/ic_launcher"
33-->src\main\AndroidManifest.xml:12:9-43
34        android:label="TripMate"
34-->src\main\AndroidManifest.xml:13:9-33
35        android:roundIcon="@mipmap/ic_launcher_round"
35-->src\main\AndroidManifest.xml:14:9-54
36        android:supportsRtl="true"
36-->src\main\AndroidManifest.xml:15:9-35
37        android:theme="@style/AppTheme"
37-->src\main\AndroidManifest.xml:17:9-40
38        android:usesCleartextTraffic="true" >
38-->src\main\AndroidManifest.xml:16:9-44
39        <activity
39-->src\main\AndroidManifest.xml:18:9-27:20
40            android:name="com.tripmate.app.MainActivity"
40-->src\main\AndroidManifest.xml:19:13-41
41            android:configChanges="keyboard|keyboardHidden|orientation|screenSize"
41-->src\main\AndroidManifest.xml:20:13-83
42            android:exported="true" >
42-->src\main\AndroidManifest.xml:21:13-36
43            <intent-filter>
43-->src\main\AndroidManifest.xml:22:13-26:29
44                <action android:name="android.intent.action.MAIN" />
44-->src\main\AndroidManifest.xml:23:17-69
44-->src\main\AndroidManifest.xml:23:25-66
45
46                <category android:name="android.intent.category.LAUNCHER" />
46-->src\main\AndroidManifest.xml:25:17-77
46-->src\main\AndroidManifest.xml:25:27-74
47            </intent-filter>
48        </activity>
49        <activity
49-->[com.google.firebase:firebase-auth:24.0.1] AndroidManifest.xml:29:9-46:20
50            android:name="com.google.firebase.auth.internal.GenericIdpActivity"
50-->[com.google.firebase:firebase-auth:24.0.1] AndroidManifest.xml:30:13-80
51            android:excludeFromRecents="true"
51-->[com.google.firebase:firebase-auth:24.0.1] AndroidManifest.xml:31:13-46
52            android:exported="true"
52-->[com.google.firebase:firebase-auth:24.0.1] AndroidManifest.xml:32:13-36
53            android:launchMode="singleTask"
53-->[com.google.firebase:firebase-auth:24.0.1] AndroidManifest.xml:33:13-44
54            android:theme="@android:style/Theme.Translucent.NoTitleBar" >
54-->[com.google.firebase:firebase-auth:24.0.1] AndroidManifest.xml:34:13-72
55            <intent-filter>
55-->[com.google.firebase:firebase-auth:24.0.1] AndroidManifest.xml:35:13-45:29
56                <action android:name="android.intent.action.VIEW" />
56-->[com.google.firebase:firebase-auth:24.0.1] AndroidManifest.xml:36:17-69
56-->[com.google.firebase:firebase-auth:24.0.1] AndroidManifest.xml:36:25-66
57
58                <category android:name="android.intent.category.DEFAULT" />
58-->[com.google.firebase:firebase-auth:24.0.1] AndroidManifest.xml:38:17-76
58-->[com.google.firebase:firebase-auth:24.0.1] AndroidManifest.xml:38:27-73
59                <category android:name="android.intent.category.BROWSABLE" />
59-->[com.google.firebase:firebase-auth:24.0.1] AndroidManifest.xml:39:17-78
59-->[com.google.firebase:firebase-auth:24.0.1] AndroidManifest.xml:39:27-75
60
61                <data
61-->[com.google.firebase:firebase-auth:24.0.1] AndroidManifest.xml:41:17-44:51
62                    android:host="firebase.auth"
62-->[com.google.firebase:firebase-auth:24.0.1] AndroidManifest.xml:42:21-49
63                    android:path="/"
63-->[com.google.firebase:firebase-auth:24.0.1] AndroidManifest.xml:43:21-37
64                    android:scheme="genericidp" />
64-->[com.google.firebase:firebase-auth:24.0.1] AndroidManifest.xml:44:21-48
65            </intent-filter>
66        </activity>
67        <activity
67-->[com.google.firebase:firebase-auth:24.0.1] AndroidManifest.xml:47:9-64:20
68            android:name="com.google.firebase.auth.internal.RecaptchaActivity"
68-->[com.google.firebase:firebase-auth:24.0.1] AndroidManifest.xml:48:13-79
69            android:excludeFromRecents="true"
69-->[com.google.firebase:firebase-auth:24.0.1] AndroidManifest.xml:49:13-46
70            android:exported="true"
70-->[com.google.firebase:firebase-auth:24.0.1] AndroidManifest.xml:50:13-36
71            android:launchMode="singleTask"
71-->[com.google.firebase:firebase-auth:24.0.1] AndroidManifest.xml:51:13-44
72            android:theme="@android:style/Theme.Translucent.NoTitleBar" >
72-->[com.google.firebase:firebase-auth:24.0.1] AndroidManifest.xml:52:13-72
73            <intent-filter>
73-->[com.google.firebase:firebase-auth:24.0.1] AndroidManifest.xml:53:13-63:29
74                <action android:name="android.intent.action.VIEW" />
74-->[com.google.firebase:firebase-auth:24.0.1] AndroidManifest.xml:36:17-69
74-->[com.google.firebase:firebase-auth:24.0.1] AndroidManifest.xml:36:25-66
75
76                <category android:name="android.intent.category.DEFAULT" />
76-->[com.google.firebase:firebase-auth:24.0.1] AndroidManifest.xml:38:17-76
76-->[com.google.firebase:firebase-auth:24.0.1] AndroidManifest.xml:38:27-73
77                <category android:name="android.intent.category.BROWSABLE" />
77-->[com.google.firebase:firebase-auth:24.0.1] AndroidManifest.xml:39:17-78
77-->[com.google.firebase:firebase-auth:24.0.1] AndroidManifest.xml:39:27-75
78
79                <data
79-->[com.google.firebase:firebase-auth:24.0.1] AndroidManifest.xml:41:17-44:51
80                    android:host="firebase.auth"
80-->[com.google.firebase:firebase-auth:24.0.1] AndroidManifest.xml:42:21-49
81                    android:path="/"
81-->[com.google.firebase:firebase-auth:24.0.1] AndroidManifest.xml:43:21-37
82                    android:scheme="recaptcha" />
82-->[com.google.firebase:firebase-auth:24.0.1] AndroidManifest.xml:44:21-48
83            </intent-filter>
84        </activity>
85
86        <service
86-->[com.google.firebase:firebase-auth:24.0.1] AndroidManifest.xml:66:9-72:19
87            android:name="com.google.firebase.components.ComponentDiscoveryService"
87-->[com.google.firebase:firebase-auth:24.0.1] AndroidManifest.xml:67:13-84
88            android:directBootAware="true"
88-->[com.google.firebase:firebase-common:22.0.1] AndroidManifest.xml:32:13-43
89            android:exported="false" >
89-->[com.google.firebase:firebase-auth:24.0.1] AndroidManifest.xml:68:13-37
90            <meta-data
90-->[com.google.firebase:firebase-auth:24.0.1] AndroidManifest.xml:69:13-71:85
91                android:name="com.google.firebase.components:com.google.firebase.auth.FirebaseAuthRegistrar"
91-->[com.google.firebase:firebase-auth:24.0.1] AndroidManifest.xml:70:17-109
92                android:value="com.google.firebase.components.ComponentRegistrar" />
92-->[com.google.firebase:firebase-auth:24.0.1] AndroidManifest.xml:71:17-82
93            <meta-data
93-->[com.google.firebase:firebase-common:22.0.1] AndroidManifest.xml:35:13-37:85
94                android:name="com.google.firebase.components:com.google.firebase.FirebaseCommonKtxRegistrar"
94-->[com.google.firebase:firebase-common:22.0.1] AndroidManifest.xml:36:17-109
95                android:value="com.google.firebase.components.ComponentRegistrar" />
95-->[com.google.firebase:firebase-common:22.0.1] AndroidManifest.xml:37:17-82
96        </service>
97        <service
97-->[androidx.camera:camera-camera2:1.4.1] AndroidManifest.xml:24:9-33:19
98            android:name="androidx.camera.core.impl.MetadataHolderService"
98-->[androidx.camera:camera-camera2:1.4.1] AndroidManifest.xml:25:13-75
99            android:enabled="false"
99-->[androidx.camera:camera-camera2:1.4.1] AndroidManifest.xml:26:13-36
100            android:exported="false" >
100-->[androidx.camera:camera-camera2:1.4.1] AndroidManifest.xml:27:13-37
101            <meta-data
101-->[androidx.camera:camera-camera2:1.4.1] AndroidManifest.xml:30:13-32:89
102                android:name="androidx.camera.core.impl.MetadataHolderService.DEFAULT_CONFIG_PROVIDER"
102-->[androidx.camera:camera-camera2:1.4.1] AndroidManifest.xml:31:17-103
103                android:value="androidx.camera.camera2.Camera2Config$DefaultProvider" />
103-->[androidx.camera:camera-camera2:1.4.1] AndroidManifest.xml:32:17-86
104        </service>
105        <service
105-->[androidx.credentials:credentials-play-services-auth:1.2.0-rc01] AndroidManifest.xml:24:9-32:19
106            android:name="androidx.credentials.playservices.CredentialProviderMetadataHolder"
106-->[androidx.credentials:credentials-play-services-auth:1.2.0-rc01] AndroidManifest.xml:25:13-94
107            android:enabled="true"
107-->[androidx.credentials:credentials-play-services-auth:1.2.0-rc01] AndroidManifest.xml:26:13-35
108            android:exported="false" >
108-->[androidx.credentials:credentials-play-services-auth:1.2.0-rc01] AndroidManifest.xml:27:13-37
109            <meta-data
109-->[androidx.credentials:credentials-play-services-auth:1.2.0-rc01] AndroidManifest.xml:29:13-31:104
110                android:name="androidx.credentials.CREDENTIAL_PROVIDER_KEY"
110-->[androidx.credentials:credentials-play-services-auth:1.2.0-rc01] AndroidManifest.xml:30:17-76
111                android:value="androidx.credentials.playservices.CredentialProviderPlayServicesImpl" />
111-->[androidx.credentials:credentials-play-services-auth:1.2.0-rc01] AndroidManifest.xml:31:17-101
112        </service>
113
114        <activity
114-->[androidx.credentials:credentials-play-services-auth:1.2.0-rc01] AndroidManifest.xml:34:9-41:20
115            android:name="androidx.credentials.playservices.HiddenActivity"
115-->[androidx.credentials:credentials-play-services-auth:1.2.0-rc01] AndroidManifest.xml:35:13-76
116            android:configChanges="orientation|screenSize|screenLayout|keyboardHidden"
116-->[androidx.credentials:credentials-play-services-auth:1.2.0-rc01] AndroidManifest.xml:36:13-87
117            android:enabled="true"
117-->[androidx.credentials:credentials-play-services-auth:1.2.0-rc01] AndroidManifest.xml:37:13-35
118            android:exported="false"
118-->[androidx.credentials:credentials-play-services-auth:1.2.0-rc01] AndroidManifest.xml:38:13-37
119            android:fitsSystemWindows="true"
119-->[androidx.credentials:credentials-play-services-auth:1.2.0-rc01] AndroidManifest.xml:39:13-45
120            android:theme="@style/Theme.Hidden" >
120-->[androidx.credentials:credentials-play-services-auth:1.2.0-rc01] AndroidManifest.xml:40:13-48
121        </activity>
122        <activity
122-->[com.google.android.gms:play-services-auth:20.7.0] AndroidManifest.xml:23:9-27:75
123            android:name="com.google.android.gms.auth.api.signin.internal.SignInHubActivity"
123-->[com.google.android.gms:play-services-auth:20.7.0] AndroidManifest.xml:24:13-93
124            android:excludeFromRecents="true"
124-->[com.google.android.gms:play-services-auth:20.7.0] AndroidManifest.xml:25:13-46
125            android:exported="false"
125-->[com.google.android.gms:play-services-auth:20.7.0] AndroidManifest.xml:26:13-37
126            android:theme="@android:style/Theme.Translucent.NoTitleBar" />
126-->[com.google.android.gms:play-services-auth:20.7.0] AndroidManifest.xml:27:13-72
127        <!--
128            Service handling Google Sign-In user revocation. For apps that do not integrate with
129            Google Sign-In, this service will never be started.
130        -->
131        <service
131-->[com.google.android.gms:play-services-auth:20.7.0] AndroidManifest.xml:33:9-37:51
132            android:name="com.google.android.gms.auth.api.signin.RevocationBoundService"
132-->[com.google.android.gms:play-services-auth:20.7.0] AndroidManifest.xml:34:13-89
133            android:exported="true"
133-->[com.google.android.gms:play-services-auth:20.7.0] AndroidManifest.xml:35:13-36
134            android:permission="com.google.android.gms.auth.api.signin.permission.REVOCATION_NOTIFICATION"
134-->[com.google.android.gms:play-services-auth:20.7.0] AndroidManifest.xml:36:13-107
135            android:visibleToInstantApps="true" />
135-->[com.google.android.gms:play-services-auth:20.7.0] AndroidManifest.xml:37:13-48
136
137        <provider
137-->[com.google.firebase:firebase-common:22.0.1] AndroidManifest.xml:23:9-28:39
138            android:name="com.google.firebase.provider.FirebaseInitProvider"
138-->[com.google.firebase:firebase-common:22.0.1] AndroidManifest.xml:24:13-77
139            android:authorities="com.tripmate.app.firebaseinitprovider"
139-->[com.google.firebase:firebase-common:22.0.1] AndroidManifest.xml:25:13-72
140            android:directBootAware="true"
140-->[com.google.firebase:firebase-common:22.0.1] AndroidManifest.xml:26:13-43
141            android:exported="false"
141-->[com.google.firebase:firebase-common:22.0.1] AndroidManifest.xml:27:13-37
142            android:initOrder="100" />
142-->[com.google.firebase:firebase-common:22.0.1] AndroidManifest.xml:28:13-36
143
144        <activity
144-->[com.google.android.gms:play-services-base:18.0.1] AndroidManifest.xml:20:9-22:45
145            android:name="com.google.android.gms.common.api.GoogleApiActivity"
145-->[com.google.android.gms:play-services-base:18.0.1] AndroidManifest.xml:20:19-85
146            android:exported="false"
146-->[com.google.android.gms:play-services-base:18.0.1] AndroidManifest.xml:22:19-43
147            android:theme="@android:style/Theme.Translucent.NoTitleBar" />
147-->[com.google.android.gms:play-services-base:18.0.1] AndroidManifest.xml:21:19-78
148
149        <meta-data
149-->[com.google.android.gms:play-services-basement:18.4.0] AndroidManifest.xml:6:9-122
150            android:name="com.google.android.gms.version"
150-->[com.google.android.gms:play-services-basement:18.4.0] AndroidManifest.xml:6:20-65
151            android:value="@integer/google_play_services_version" />
151-->[com.google.android.gms:play-services-basement:18.4.0] AndroidManifest.xml:6:66-119
152
153        <provider
153-->[androidx.profileinstaller:profileinstaller:1.3.1] AndroidManifest.xml:24:9-32:20
154            android:name="androidx.startup.InitializationProvider"
154-->[androidx.profileinstaller:profileinstaller:1.3.1] AndroidManifest.xml:25:13-67
155            android:authorities="com.tripmate.app.androidx-startup"
155-->[androidx.profileinstaller:profileinstaller:1.3.1] AndroidManifest.xml:26:13-68
156            android:exported="false" >
156-->[androidx.profileinstaller:profileinstaller:1.3.1] AndroidManifest.xml:27:13-37
157            <meta-data
157-->[androidx.profileinstaller:profileinstaller:1.3.1] AndroidManifest.xml:29:13-31:52
158                android:name="androidx.profileinstaller.ProfileInstallerInitializer"
158-->[androidx.profileinstaller:profileinstaller:1.3.1] AndroidManifest.xml:30:17-85
159                android:value="androidx.startup" />
159-->[androidx.profileinstaller:profileinstaller:1.3.1] AndroidManifest.xml:31:17-49
160        </provider>
161
162        <receiver
162-->[androidx.profileinstaller:profileinstaller:1.3.1] AndroidManifest.xml:34:9-52:20
163            android:name="androidx.profileinstaller.ProfileInstallReceiver"
163-->[androidx.profileinstaller:profileinstaller:1.3.1] AndroidManifest.xml:35:13-76
164            android:directBootAware="false"
164-->[androidx.profileinstaller:profileinstaller:1.3.1] AndroidManifest.xml:36:13-44
165            android:enabled="true"
165-->[androidx.profileinstaller:profileinstaller:1.3.1] AndroidManifest.xml:37:13-35
166            android:exported="true"
166-->[androidx.profileinstaller:profileinstaller:1.3.1] AndroidManifest.xml:38:13-36
167            android:permission="android.permission.DUMP" >
167-->[androidx.profileinstaller:profileinstaller:1.3.1] AndroidManifest.xml:39:13-57
168            <intent-filter>
168-->[androidx.profileinstaller:profileinstaller:1.3.1] AndroidManifest.xml:40:13-42:29
169                <action android:name="androidx.profileinstaller.action.INSTALL_PROFILE" />
169-->[androidx.profileinstaller:profileinstaller:1.3.1] AndroidManifest.xml:41:17-91
169-->[androidx.profileinstaller:profileinstaller:1.3.1] AndroidManifest.xml:41:25-88
170            </intent-filter>
171            <intent-filter>
171-->[androidx.profileinstaller:profileinstaller:1.3.1] AndroidManifest.xml:43:13-45:29
172                <action android:name="androidx.profileinstaller.action.SKIP_FILE" />
172-->[androidx.profileinstaller:profileinstaller:1.3.1] AndroidManifest.xml:44:17-85
172-->[androidx.profileinstaller:profileinstaller:1.3.1] AndroidManifest.xml:44:25-82
173            </intent-filter>
174            <intent-filter>
174-->[androidx.profileinstaller:profileinstaller:1.3.1] AndroidManifest.xml:46:13-48:29
175                <action android:name="androidx.profileinstaller.action.SAVE_PROFILE" />
175-->[androidx.profileinstaller:profileinstaller:1.3.1] AndroidManifest.xml:47:17-88
175-->[androidx.profileinstaller:profileinstaller:1.3.1] AndroidManifest.xml:47:25-85
176            </intent-filter>
177            <intent-filter>
177-->[androidx.profileinstaller:profileinstaller:1.3.1] AndroidManifest.xml:49:13-51:29
178                <action android:name="androidx.profileinstaller.action.BENCHMARK_OPERATION" />
178-->[androidx.profileinstaller:profileinstaller:1.3.1] AndroidManifest.xml:50:17-95
178-->[androidx.profileinstaller:profileinstaller:1.3.1] AndroidManifest.xml:50:25-92
179            </intent-filter>
180        </receiver> <!-- The activities will be merged into the manifest of the hosting app. -->
181        <activity
181-->[com.google.android.play:core-common:2.0.3] AndroidManifest.xml:14:9-18:65
182            android:name="com.google.android.play.core.common.PlayCoreDialogWrapperActivity"
182-->[com.google.android.play:core-common:2.0.3] AndroidManifest.xml:15:13-93
183            android:exported="false"
183-->[com.google.android.play:core-common:2.0.3] AndroidManifest.xml:16:13-37
184            android:stateNotNeeded="true"
184-->[com.google.android.play:core-common:2.0.3] AndroidManifest.xml:17:13-42
185            android:theme="@style/Theme.PlayCore.Transparent" />
185-->[com.google.android.play:core-common:2.0.3] AndroidManifest.xml:18:13-62
186    </application>
187
188</manifest>